15/11/2025 01:29:01 PM:root:INFO:User has Selected: 1. Enter 1 to add transaction/expense
15/11/2025 01:29:11 PM:root:INFO:Record Data Folder Does not Exists
15/11/2025 01:29:11 PM:root:INFO:Record Data Folder Created
15/11/2025 01:29:11 PM:root:INFO:recordData CSV File Created.
15/11/2025 01:29:11 PM:root:INFO:Record Data Folder Exists Accessing Record Data CSV file
15/11/2025 01:29:11 PM:root:INFO:Added [Income, Job, Rs. 12,036.36] to CSV File.
15/11/2025 01:29:34 PM:root:INFO:Record Data Folder Exists Accessing Record Data CSV file
15/11/2025 01:29:34 PM:root:INFO:Added [Expenditure, Shopping, Rs. 100,025.36] to CSV File.
15/11/2025 01:29:48 PM:root:INFO:Record Data Folder Exists Accessing Record Data CSV file
15/11/2025 01:29:48 PM:root:INFO:Added [Income, Online-job, Rs. 125,889,633.11] to CSV File.
15/11/2025 01:30:13 PM:root:INFO:Record Data Folder Exists Accessing Record Data CSV file
15/11/2025 01:30:13 PM:root:INFO:Added [Income, Ftj, Rs. 800,000.00] to CSV File.
15/11/2025 01:30:17 PM:root:INFO:Closing the Program
15/11/2025 01:30:51 PM:root:INFO:User has Selected: 2. Enter 2 to get the financial reporting
15/11/2025 01:32:33 PM:TrackerApp:INFO:User has Selected: 2. Enter 2 to get the financial reporting
15/11/2025 01:32:53 PM:TrackerApp:INFO:User has Selected: 3. Enter anything else to exit: @#$$$
15/11/2025 01:32:53 PM:TrackerApp:INFO:Closing the Program
15/11/2025 01:35:00 PM:TrackerApp:INFO:User has Selected: 2. Enter 2 to get the financial reporting
15/11/2025 01:35:00 PM:TrackerApp:INFO:Total Income: Rs. 126,701,669.47, Total Expenditure: Rs. 100,025.36 and Total Saving: Rs. 126,601,644.11
15/11/2025 01:35:00 PM:TrackerApp:INFO:Closing the Program
15/11/2025 07:41:09 PM:TrackerApp:INFO:User has Selected: 2. Enter 2 to get the financial reporting
15/11/2025 07:41:09 PM:TrackerApp:INFO:Total Income: Rs. 126,701,669.47, Total Expenditure: Rs. 100,025.36 and Total Saving: Rs. 126,601,644.11
15/11/2025 07:41:09 PM:TrackerApp:INFO:Closing the Program
15/11/2025 07:41:13 PM:TrackerApp:INFO:User has Selected: 1. Enter 1 to add transaction/expense
15/11/2025 07:41:21 PM:TrackerApp:INFO:Record Data Folder Exists Accessing Record Data CSV file
15/11/2025 07:41:21 PM:TrackerApp:INFO:Added [Income, Job, Rs. 100.00] to CSV File.
15/11/2025 07:41:39 PM:TrackerApp:INFO:Record Data Folder Exists Accessing Record Data CSV file
15/11/2025 07:41:39 PM:TrackerApp:INFO:Added [Expenditure, Bill, Rs. 28,599.37] to CSV File.
15/11/2025 07:41:42 PM:TrackerApp:INFO:Closing the Program
15/11/2025 07:41:45 PM:TrackerApp:INFO:User has Selected: 2. Enter 2 to get the financial reporting
15/11/2025 07:41:45 PM:TrackerApp:INFO:Total Income: Rs. 126,701,769.47, Total Expenditure: Rs. 128,624.73 and Total Saving: Rs. 126,573,144.74
15/11/2025 07:41:45 PM:TrackerApp:INFO:Closing the Program
07/12/2025 10:41:01 AM:TrackerApp:INFO:User has Selected: 1. Enter 1 to add transaction/expense
07/12/2025 10:41:19 AM:TrackerApp:INFO:Record Data Folder Exists Accessing Record Data CSV file
07/12/2025 10:41:19 AM:TrackerApp:INFO:Added [Income, Online-job\, Rs. 123.00] to CSV File.
07/12/2025 10:41:22 AM:TrackerApp:INFO:Closing the Program
23/02/2026 02:24:04 PM:TrackerApp:INFO:User has Selected: 1. Enter 1 to add transaction/expense
23/02/2026 02:24:13 PM:TrackerApp:INFO:Record Data Folder Exists Accessing Record Data CSV file
23/02/2026 02:24:13 PM:TrackerApp:INFO:Added [Income, Job, Rs. 100.00] to CSV File.
23/02/2026 02:24:16 PM:TrackerApp:INFO:Closing the Program
23/02/2026 02:24:22 PM:TrackerApp:INFO:User has Selected: 2. Enter 2 to get the financial reporting
23/02/2026 02:24:22 PM:TrackerApp:INFO:Total Income: Rs. 126,701,992.47, Total Expenditure: Rs. 128,624.73 and Total Saving: Rs. 126,573,367.74
23/02/2026 02:24:22 PM:TrackerApp:INFO:Closing the Program
